<?xml version="1.0" encoding="UTF-8"?>
<!-- Generated by org.testng.reporters.JUnitReportReporter -->
<testsuite hostname="system11" name="DriverFactory.AppTest" tests="1" failures="0" timestamp="12 Dec 2019 02:20:25 GMT" time="12.030" errors="0">
  <testcase name="start" time="12.030" classname="DriverFactory.AppTest"/>
</testsuite> <!-- DriverFactory.AppTest -->
