<?xml version="1.0" encoding="UTF-8"?>
<!-- Generated by org.testng.reporters.JUnitReportReporter -->
<testsuite hostname="system11" name="DriverFactory.DriverScript2" tests="1" failures="0" timestamp="11 Dec 2019 03:22:37 GMT" time="19.629" errors="0">
  <testcase name="startTest" time="19.629" classname="DriverFactory.DriverScript2"/>
</testsuite> <!-- DriverFactory.DriverScript2 -->
