<?xml version="1.0" encoding="UTF-8"?>
<!-- Generated by org.testng.reporters.JUnitReportReporter -->
<testsuite hostname="ojt16-PC" name="DriverFactory.AppTest" tests="1" failures="0" timestamp="16 Dec 2019 03:37:49 GMT" time="106.144" errors="0">
  <testcase name="startTest" time="106.144" classname="DriverFactory.AppTest"/>
</testsuite> <!-- DriverFactory.AppTest -->
